<?xml version="1.0" encoding="UTF-8"?>
<!-- Generated by org.testng.reporters.JUnitXMLReporter -->
<testsuite ignored="0" hostname="LAPTOP-P44HMN12" failures="2" tests="25" name="Test" time="39.175" errors="0" timestamp="2022-01-31T20:49:38 SAST">
  <testcase classname="com.seleniumproject.PageTitle" name="first_test" time="5.977"/>
  <testcase classname="com.seleniumproject.Login" name="login" time="5.936"/>
  <testcase classname="com.seleniumproject.Login" name="Valid_url" time="0.015"/>
  <testcase classname="com.seleniumproject.Login" name="check_admin" time="0.071"/>
  <testcase classname="com.seleniumproject.Login" name="check_welcome" time="0.053"/>
  <testcase classname="com.seleniumproject.AdminTab" name="admintap" time="4.226"/>
  <testcase classname="com.seleniumproject.AdminTab" name="Validate_adminUrl" time="0.007"/>
  <testcase classname="com.seleniumproject.AdminTab" name="validateAdd" time="0.043"/>
  <testcase classname="com.seleniumproject.AdminTab" name="validateDelete" time="0.034"/>
  <testcase classname="com.seleniumproject.AdminTab" name="validateSearch" time="0.04"/>
  <testcase classname="com.seleniumproject.AdminTab" name="validateReset" time="0.037"/>
  <testcase classname="com.seleniumproject.AddButton" name="clickadd" time="3.946"/>
  <testcase classname="com.seleniumproject.AddButton" name="validate_addbtnUrl" time="0.014"/>
  <testcase classname="com.seleniumproject.AddButton" name="validateAdd" time="0.042"/>
  <testcase classname="com.seleniumproject.FillInDetails" name="enter_info" time="2.999"/>
  <testcase classname="com.seleniumproject.FillInDetails" name="validate_status" time="0.074"/>
  <testcase classname="com.seleniumproject.SearchButton" name="click_search" time="2.886"/>
  <testcase classname="com.seleniumproject.SearchButton" name="validate_username" time="0.042"/>
  <testcase classname="com.seleniumproject.SearchButton" name="validate_employeeName" time="0.041">
    <failure type="java.lang.AssertionError" message="expected [true] but found [false]">
      <![CDATA[java.lang.AssertionError: expected [true] but found [false]
at com.seleniumproject.SearchButton.validate_employeeName(SearchButton.java:95)
at java.base/java.util.ArrayList.forEach(ArrayList.java:1511)
... Removed 31 stack frames]]>
    </failure>
  </testcase> <!-- validate_employeeName -->
  <testcase classname="com.seleniumproject.SearchButton" name="validate_status" time="0.041"/>
  <testcase classname="com.seleniumproject.DeleteButton" name="delete_record" time="6.55"/>
  <testcase classname="com.seleniumproject.SearchRecord" name="search_deleted" time="2.804"/>
  <testcase classname="com.seleniumproject.LogoutButton" name="logout" time="3.194"/>
  <testcase classname="com.seleniumproject.LogoutButton" name="validate_url_landingPage" time="0.011"/>
  <testcase classname="com.seleniumproject.LogoutButton" name="validate_url_landingPage2" time="0.007">
    <failure type="java.lang.AssertionError" message="expected [true] but found [false]">
      <![CDATA[java.lang.AssertionError: expected [true] but found [false]
at com.seleniumproject.LogoutButton.validate_url_landingPage2(LogoutButton.java:77)
at java.base/java.util.ArrayList.forEach(ArrayList.java:1511)
... Removed 31 stack frames]]>
    </failure>
  </testcase> <!-- validate_url_landingPage2 -->
</testsuite> <!-- Test -->
